<?xml version="1.0" encoding="UTF-8"?>
<!-- Generated by org.testng.reporters.JUnitReportReporter -->
<testsuite skipped="0" hostname="Ayan-Sharif" name="LoginPage" tests="1" failures="0" timestamp="2021-09-23T19:02:00 PKT" time="5.118" errors="0">
  <testcase name="openBrowser" time="5.118" classname="LoginPage"/>
  <system-out/>
</testsuite> <!-- LoginPage -->
