<?xml version="1.0" encoding="UTF-8"?>
<!-- Generated by org.testng.reporters.JUnitReportReporter -->
<testsuite skipped="0" hostname="Ayan-Sharif" name="LoginFail" tests="2" failures="0" timestamp="2021-09-23T19:02:00 PKT" time="2.633" errors="0">
  <testcase name="login" time="2.573" classname="LoginFail"/>
  <system-out/>
  <testcase name="getLoginFailText" time="0.060" classname="LoginFail"/>
  <system-out/>
</testsuite> <!-- LoginFail -->
