<?xml version="1.0" encoding="UTF-8"?>
<!-- Generated by org.testng.reporters.JUnitReportReporter -->
<testsuite skipped="0" hostname="Ayan-Sharif" name="LoginTest" tests="5" failures="0" timestamp="2021-09-23T19:02:00 PKT" time="7.727" errors="0">
  <testcase name="LoginPage" time="1.101" classname="LoginTest"/>
  <system-out/>
  <testcase name="LoginFail" time="2.529" classname="LoginTest"/>
  <system-out/>
  <testcase name="LoginFailText" time="0.070" classname="LoginTest"/>
  <system-out/>
  <testcase name="Login" time="3.011" classname="LoginTest"/>
  <system-out/>
  <testcase name="homepageTitle" time="1.016" classname="LoginTest"/>
  <system-out/>
</testsuite> <!-- LoginTest -->
